0 info it worked if it ends with ok
1 verbose cli [ 'C:\\Program Files\\nodejs\\node.exe',
1 verbose cli   'C:\\Users\\Martin\\AppData\\Roaming\\npm\\node_modules\\npm\\bin\\npm-cli.js',
1 verbose cli   'run',
1 verbose cli   'test' ]
2 info using npm@3.8.6
3 info using node@v5.10.1
4 verbose run-script [ 'pretest', 'test', 'posttest' ]
5 info lifecycle GrooveLoutre@0.0.1~pretest: GrooveLoutre@0.0.1
6 verbose lifecycle GrooveLoutre@0.0.1~pretest: unsafe-perm in lifecycle true
7 verbose lifecycle GrooveLoutre@0.0.1~pretest: PATH: C:\Users\Martin\AppData\Roaming\npm\node_modules\npm\bin\node-gyp-bin;D:\Web\_projets\GrooveLoutre\app\node_modules\.bin;C:\Program Files\nodejs;C:\ProgramData\Oracle\Java\javapath;C:\Windows\system32;C:\Windows;C:\Windows\System32\Wbem;C:\Windows\System32\WindowsPowerShell\v1.0\;C:\Program Files\Intel\DMIX;C:\Program Files (x86)\NVIDIA Corporation\PhysX\Common;C:\Program Files (x86)\Skype\Phone\;C:\Windows\system32\config\systemprofile\.dnx\bin;C:\Program Files\Microsoft DNX\Dnvm\;C:\Program Files (x86)\Windows Kits\8.1\Windows Performance Toolkit\;C:\Program Files\nodejs\;C:\Users\Martin\AppData\Local\atom\bin;D:\Program Files 2\FreeArc\bin;C:\Users\Martin\AppData\Roaming\npm
8 verbose lifecycle GrooveLoutre@0.0.1~pretest: CWD: D:\Web\_projets\GrooveLoutre\app
9 silly lifecycle GrooveLoutre@0.0.1~pretest: Args: [ '/d /s /c', 'npm run lint' ]
10 silly lifecycle GrooveLoutre@0.0.1~pretest: Returned: code: 1  signal: null
11 info lifecycle GrooveLoutre@0.0.1~pretest: Failed to exec pretest script
12 verbose stack Error: GrooveLoutre@0.0.1 pretest: `npm run lint`
12 verbose stack Exit status 1
12 verbose stack     at EventEmitter.<anonymous> (C:\Users\Martin\AppData\Roaming\npm\node_modules\npm\lib\utils\lifecycle.js:239:16)
12 verbose stack     at emitTwo (events.js:100:13)
12 verbose stack     at EventEmitter.emit (events.js:185:7)
12 verbose stack     at ChildProcess.<anonymous> (C:\Users\Martin\AppData\Roaming\npm\node_modules\npm\lib\utils\spawn.js:24:14)
12 verbose stack     at emitTwo (events.js:100:13)
12 verbose stack     at ChildProcess.emit (events.js:185:7)
12 verbose stack     at maybeClose (internal/child_process.js:850:16)
12 verbose stack     at Process.ChildProcess._handle.onexit (internal/child_process.js:215:5)
13 verbose pkgid GrooveLoutre@0.0.1
14 verbose cwd D:\Web\_projets\GrooveLoutre\app
15 error Windows_NT 6.1.7601
16 error argv "C:\\Program Files\\nodejs\\node.exe" "C:\\Users\\Martin\\AppData\\Roaming\\npm\\node_modules\\npm\\bin\\npm-cli.js" "run" "test"
17 error node v5.10.1
18 error npm  v3.8.6
19 error code ELIFECYCLE
20 error GrooveLoutre@0.0.1 pretest: `npm run lint`
20 error Exit status 1
21 error Failed at the GrooveLoutre@0.0.1 pretest script 'npm run lint'.
21 error Make sure you have the latest version of node.js and npm installed.
21 error If you do, this is most likely a problem with the GrooveLoutre package,
21 error not with npm itself.
21 error Tell the author that this fails on your system:
21 error     npm run lint
21 error You can get information on how to open an issue for this project with:
21 error     npm bugs GrooveLoutre
21 error Or if that isn't available, you can get their info via:
21 error     npm owner ls GrooveLoutre
21 error There is likely additional logging output above.
22 verbose exit [ 1, true ]
